mode: set
github.com/dionofrizal88/dsi/auth/config/config.go:27.43,29.16 2 1
github.com/dionofrizal88/dsi/auth/config/config.go:29.16,31.3 1 0
github.com/dionofrizal88/dsi/auth/config/config.go:32.2,37.16 5 1
github.com/dionofrizal88/dsi/auth/config/config.go:37.16,39.3 1 0
github.com/dionofrizal88/dsi/auth/config/config.go:41.2,41.13 1 1
github.com/dionofrizal88/dsi/auth/main.go:17.13,21.28 3 0
github.com/dionofrizal88/dsi/auth/main.go:21.28,23.3 1 0
github.com/dionofrizal88/dsi/auth/main.go:25.2,26.31 2 0
github.com/dionofrizal88/dsi/auth/main.go:26.31,28.3 1 0
github.com/dionofrizal88/dsi/auth/main.go:30.2,35.27 4 0
github.com/dionofrizal88/dsi/auth/main.go:35.27,37.3 1 0
github.com/dionofrizal88/dsi/auth/main.go:40.2,41.42 2 0
github.com/dionofrizal88/dsi/auth/main.go:41.42,54.3 3 0
github.com/dionofrizal88/dsi/auth/main.go:56.2,57.16 2 0
github.com/dionofrizal88/dsi/auth/main.go:57.16,59.3 1 0
github.com/dionofrizal88/dsi/auth/domain/registry/registry.go:9.42,13.2 1 1
github.com/dionofrizal88/dsi/auth/domain/registry/registry.go:16.43,24.2 2 1
github.com/dionofrizal88/dsi/auth/pkg/registry/registry.go:33.51,36.35 2 0
github.com/dionofrizal88/dsi/auth/pkg/registry/registry.go:36.35,38.17 2 0
github.com/dionofrizal88/dsi/auth/pkg/registry/registry.go:38.17,40.4 1 0
github.com/dionofrizal88/dsi/auth/pkg/registry/registry.go:43.2,43.12 1 0
github.com/dionofrizal88/dsi/auth/pkg/registry/registry.go:48.53,51.42 2 0
github.com/dionofrizal88/dsi/auth/pkg/registry/registry.go:51.42,53.3 1 0
github.com/dionofrizal88/dsi/auth/pkg/registry/registry.go:55.2,55.32 1 0
github.com/dionofrizal88/dsi/auth/pkg/registry/registry.go:55.32,57.21 2 0
github.com/dionofrizal88/dsi/auth/pkg/registry/registry.go:57.21,60.4 2 0
github.com/dionofrizal88/dsi/auth/pkg/registry/registry.go:63.2,63.12 1 0
github.com/dionofrizal88/dsi/auth/domain/entity/user.go:29.35,31.2 1 1
github.com/dionofrizal88/dsi/auth/domain/entity/user.go:34.49,36.2 1 1
github.com/dionofrizal88/dsi/auth/domain/entity/user.go:39.43,41.2 1 1
github.com/dionofrizal88/dsi/auth/domain/entity/user.go:44.48,45.16 1 1
github.com/dionofrizal88/dsi/auth/domain/entity/user.go:45.16,48.3 2 1
github.com/dionofrizal88/dsi/auth/domain/entity/user.go:50.2,50.12 1 1
github.com/dionofrizal88/dsi/auth/infrastructure/dao/db.go:16.46,21.2 1 1
github.com/dionofrizal88/dsi/auth/infrastructure/dao/registry.go:11.39,21.2 5 1
github.com/dionofrizal88/dsi/auth/pkg/registry/registry.go:33.51,36.35 2 0
github.com/dionofrizal88/dsi/auth/pkg/registry/registry.go:36.35,38.17 2 0
github.com/dionofrizal88/dsi/auth/pkg/registry/registry.go:38.17,40.4 1 0
github.com/dionofrizal88/dsi/auth/pkg/registry/registry.go:43.2,43.12 1 0
github.com/dionofrizal88/dsi/auth/pkg/registry/registry.go:48.53,51.42 2 0
github.com/dionofrizal88/dsi/auth/pkg/registry/registry.go:51.42,53.3 1 0
github.com/dionofrizal88/dsi/auth/pkg/registry/registry.go:55.2,55.32 1 0
github.com/dionofrizal88/dsi/auth/pkg/registry/registry.go:55.32,57.21 2 0
github.com/dionofrizal88/dsi/auth/pkg/registry/registry.go:57.21,60.4 2 0
github.com/dionofrizal88/dsi/auth/pkg/registry/registry.go:63.2,63.12 1 0
github.com/dionofrizal88/dsi/auth/pkg/registry/registry.go:33.51,36.35 2 0
github.com/dionofrizal88/dsi/auth/pkg/registry/registry.go:36.35,38.17 2 0
github.com/dionofrizal88/dsi/auth/pkg/registry/registry.go:38.17,40.4 1 0
github.com/dionofrizal88/dsi/auth/pkg/registry/registry.go:43.2,43.12 1 0
github.com/dionofrizal88/dsi/auth/pkg/registry/registry.go:48.53,51.42 2 0
github.com/dionofrizal88/dsi/auth/pkg/registry/registry.go:51.42,53.3 1 0
github.com/dionofrizal88/dsi/auth/pkg/registry/registry.go:55.2,55.32 1 0
github.com/dionofrizal88/dsi/auth/pkg/registry/registry.go:55.32,57.21 2 0
github.com/dionofrizal88/dsi/auth/pkg/registry/registry.go:57.21,60.4 2 0
github.com/dionofrizal88/dsi/auth/pkg/registry/registry.go:63.2,63.12 1 0
github.com/dionofrizal88/dsi/auth/pkg/security/hash.go:11.57,15.2 3 1
github.com/dionofrizal88/dsi/auth/pkg/security/hash.go:18.53,22.2 3 1
github.com/dionofrizal88/dsi/auth/pkg/security/hash.go:25.38,29.22 4 1
github.com/dionofrizal88/dsi/auth/pkg/security/hash.go:29.22,31.3 1 1
github.com/dionofrizal88/dsi/auth/pkg/security/hash.go:32.2,32.21 1 1
github.com/dionofrizal88/dsi/auth/pkg/security/jwt.go:23.44,27.2 1 1
github.com/dionofrizal88/dsi/auth/pkg/security/jwt.go:30.40,32.2 1 1
github.com/dionofrizal88/dsi/auth/pkg/security/jwt.go:35.61,45.2 3 1
github.com/dionofrizal88/dsi/auth/pkg/security/jwt.go:48.52,51.101 2 1
github.com/dionofrizal88/dsi/auth/pkg/security/jwt.go:51.101,53.3 1 1
github.com/dionofrizal88/dsi/auth/pkg/security/jwt.go:55.2,57.34 2 1
github.com/dionofrizal88/dsi/auth/pkg/security/jwt.go:61.77,63.16 2 1
github.com/dionofrizal88/dsi/auth/pkg/security/jwt.go:63.16,65.3 1 0
github.com/dionofrizal88/dsi/auth/pkg/security/jwt.go:67.2,68.9 2 1
github.com/dionofrizal88/dsi/auth/pkg/security/jwt.go:68.9,70.3 1 0
github.com/dionofrizal88/dsi/auth/pkg/security/jwt.go:72.2,73.33 2 1
github.com/dionofrizal88/dsi/auth/pkg/security/jwt.go:73.33,75.3 1 1
github.com/dionofrizal88/dsi/auth/pkg/security/jwt.go:77.2,77.18 1 1
github.com/dionofrizal88/dsi/auth/pkg/db/db.go:12.75,21.16 3 1
github.com/dionofrizal88/dsi/auth/pkg/db/db.go:21.16,23.3 1 0
github.com/dionofrizal88/dsi/auth/pkg/db/db.go:25.2,25.20 1 1
github.com/dionofrizal88/dsi/auth/pkg/db/db.go:29.79,38.16 3 1
github.com/dionofrizal88/dsi/auth/pkg/db/db.go:38.16,40.3 1 0
github.com/dionofrizal88/dsi/auth/pkg/db/db.go:42.2,42.20 1 1
github.com/dionofrizal88/dsi/auth/pkg/db/redis_db.go:12.75,19.16 3 1
github.com/dionofrizal88/dsi/auth/pkg/db/redis_db.go:19.16,23.3 2 0
github.com/dionofrizal88/dsi/auth/pkg/db/redis_db.go:25.2,25.25 1 1
github.com/dionofrizal88/dsi/auth/util/extractor.go:9.56,10.25 1 1
github.com/dionofrizal88/dsi/auth/util/extractor.go:10.25,12.3 1 0
github.com/dionofrizal88/dsi/auth/util/extractor.go:15.2,17.36 2 1
github.com/dionofrizal88/dsi/auth/controllers/admin/admin_contract.go:27.108,33.2 4 1
github.com/dionofrizal88/dsi/auth/controllers/admin/admin_controller.go:16.63,21.16 4 1
github.com/dionofrizal88/dsi/auth/controllers/admin/admin_controller.go:21.16,25.3 2 0
github.com/dionofrizal88/dsi/auth/controllers/admin/admin_controller.go:27.2,28.21 2 1
github.com/dionofrizal88/dsi/auth/controllers/admin/admin_controller.go:28.21,29.51 1 1
github.com/dionofrizal88/dsi/auth/controllers/admin/admin_controller.go:29.51,33.4 2 0
github.com/dionofrizal88/dsi/auth/controllers/admin/admin_controller.go:36.2,36.19 1 1
github.com/dionofrizal88/dsi/auth/controllers/admin/admin_controller.go:36.19,40.3 2 1
github.com/dionofrizal88/dsi/auth/controllers/admin/admin_controller.go:42.2,48.16 2 1
github.com/dionofrizal88/dsi/auth/controllers/admin/admin_controller.go:48.16,52.3 2 0
github.com/dionofrizal88/dsi/auth/controllers/admin/admin_controller.go:54.2,54.100 1 1
github.com/dionofrizal88/dsi/auth/controllers/admin/admin_controller.go:58.68,63.16 4 1
github.com/dionofrizal88/dsi/auth/controllers/admin/admin_controller.go:63.16,67.3 2 0
github.com/dionofrizal88/dsi/auth/controllers/admin/admin_controller.go:69.2,71.17 2 1
github.com/dionofrizal88/dsi/auth/controllers/admin/admin_controller.go:71.17,75.3 2 0
github.com/dionofrizal88/dsi/auth/controllers/admin/admin_controller.go:77.2,79.16 3 1
github.com/dionofrizal88/dsi/auth/controllers/admin/admin_controller.go:79.16,83.3 2 0
github.com/dionofrizal88/dsi/auth/controllers/admin/admin_controller.go:85.2,86.21 2 1
github.com/dionofrizal88/dsi/auth/controllers/admin/admin_controller.go:86.21,89.41 2 0
github.com/dionofrizal88/dsi/auth/controllers/admin/admin_controller.go:89.41,91.4 1 0
github.com/dionofrizal88/dsi/auth/controllers/admin/admin_controller.go:93.3,93.96 1 0
github.com/dionofrizal88/dsi/auth/controllers/admin/admin_controller.go:96.2,96.21 1 1
github.com/dionofrizal88/dsi/auth/controllers/admin/admin_controller.go:96.21,100.3 2 0
github.com/dionofrizal88/dsi/auth/controllers/admin/admin_controller.go:102.2,103.21 2 1
github.com/dionofrizal88/dsi/auth/controllers/admin/admin_controller.go:103.21,106.41 2 0
github.com/dionofrizal88/dsi/auth/controllers/admin/admin_controller.go:106.41,108.4 1 0
github.com/dionofrizal88/dsi/auth/controllers/admin/admin_controller.go:110.3,110.96 1 0
github.com/dionofrizal88/dsi/auth/controllers/admin/admin_controller.go:113.2,113.24 1 1
github.com/dionofrizal88/dsi/auth/controllers/admin/admin_controller.go:113.24,117.3 2 1
github.com/dionofrizal88/dsi/auth/controllers/admin/admin_controller.go:119.2,120.29 2 1
github.com/dionofrizal88/dsi/auth/controllers/admin/admin_controller.go:120.29,124.3 2 0
github.com/dionofrizal88/dsi/auth/controllers/admin/admin_controller.go:126.2,127.16 2 1
github.com/dionofrizal88/dsi/auth/controllers/admin/admin_controller.go:127.16,130.3 2 0
github.com/dionofrizal88/dsi/auth/controllers/admin/admin_controller.go:132.2,138.26 5 1
github.com/dionofrizal88/dsi/auth/controllers/admin/admin_controller.go:139.20,140.92 1 0
github.com/dionofrizal88/dsi/auth/controllers/admin/admin_controller.go:142.17,143.89 1 0
github.com/dionofrizal88/dsi/auth/controllers/admin/admin_controller.go:145.21,146.93 1 0
github.com/dionofrizal88/dsi/auth/controllers/admin/admin_controller.go:148.10,149.85 1 1
github.com/dionofrizal88/dsi/auth/controllers/admin/admin_controller.go:153.2,162.4 1 1
github.com/dionofrizal88/dsi/auth/controllers/admin/constructor.go:19.132,26.2 1 1
github.com/dionofrizal88/dsi/auth/pkg/registry/registry.go:33.51,36.35 2 1
github.com/dionofrizal88/dsi/auth/pkg/registry/registry.go:36.35,38.17 2 1
github.com/dionofrizal88/dsi/auth/pkg/registry/registry.go:38.17,40.4 1 0
github.com/dionofrizal88/dsi/auth/pkg/registry/registry.go:43.2,43.12 1 1
github.com/dionofrizal88/dsi/auth/pkg/registry/registry.go:48.53,51.42 2 1
github.com/dionofrizal88/dsi/auth/pkg/registry/registry.go:51.42,53.3 1 0
github.com/dionofrizal88/dsi/auth/pkg/registry/registry.go:55.2,55.32 1 1
github.com/dionofrizal88/dsi/auth/pkg/registry/registry.go:55.32,57.21 2 1
github.com/dionofrizal88/dsi/auth/pkg/registry/registry.go:57.21,60.4 2 0
github.com/dionofrizal88/dsi/auth/pkg/registry/registry.go:63.2,63.12 1 1
github.com/dionofrizal88/dsi/auth/controllers/user/constructor.go:19.132,26.2 1 1
github.com/dionofrizal88/dsi/auth/controllers/user/user_contract.go:38.108,44.2 4 1
github.com/dionofrizal88/dsi/auth/controllers/user/user_contract.go:47.119,61.2 5 1
github.com/dionofrizal88/dsi/auth/controllers/user/user_controller.go:18.58,23.16 4 1
github.com/dionofrizal88/dsi/auth/controllers/user/user_controller.go:23.16,27.3 2 0
github.com/dionofrizal88/dsi/auth/controllers/user/user_controller.go:29.2,30.21 2 1
github.com/dionofrizal88/dsi/auth/controllers/user/user_controller.go:30.21,31.51 1 1
github.com/dionofrizal88/dsi/auth/controllers/user/user_controller.go:31.51,35.4 2 0
github.com/dionofrizal88/dsi/auth/controllers/user/user_controller.go:38.2,38.19 1 1
github.com/dionofrizal88/dsi/auth/controllers/user/user_controller.go:38.19,42.3 2 1
github.com/dionofrizal88/dsi/auth/controllers/user/user_controller.go:44.2,49.16 2 1
github.com/dionofrizal88/dsi/auth/controllers/user/user_controller.go:49.16,53.3 2 0
github.com/dionofrizal88/dsi/auth/controllers/user/user_controller.go:55.2,55.94 1 1
github.com/dionofrizal88/dsi/auth/controllers/user/user_controller.go:59.51,64.16 4 1
github.com/dionofrizal88/dsi/auth/controllers/user/user_controller.go:64.16,68.3 2 0
github.com/dionofrizal88/dsi/auth/controllers/user/user_controller.go:70.2,71.21 2 1
github.com/dionofrizal88/dsi/auth/controllers/user/user_controller.go:71.21,74.41 2 0
github.com/dionofrizal88/dsi/auth/controllers/user/user_controller.go:74.41,77.4 1 0
github.com/dionofrizal88/dsi/auth/controllers/user/user_controller.go:79.3,79.96 1 0
github.com/dionofrizal88/dsi/auth/controllers/user/user_controller.go:82.2,82.23 1 1
github.com/dionofrizal88/dsi/auth/controllers/user/user_controller.go:82.23,86.3 2 1
github.com/dionofrizal88/dsi/auth/controllers/user/user_controller.go:88.2,90.39 2 1
github.com/dionofrizal88/dsi/auth/controllers/user/user_controller.go:90.39,94.3 2 1
github.com/dionofrizal88/dsi/auth/controllers/user/user_controller.go:96.2,98.16 3 1
github.com/dionofrizal88/dsi/auth/controllers/user/user_controller.go:98.16,102.3 2 0
github.com/dionofrizal88/dsi/auth/controllers/user/user_controller.go:105.2,106.16 2 1
github.com/dionofrizal88/dsi/auth/controllers/user/user_controller.go:106.16,110.3 2 0
github.com/dionofrizal88/dsi/auth/controllers/user/user_controller.go:112.2,112.107 1 1
github.com/dionofrizal88/dsi/auth/controllers/user/user_controller.go:116.52,120.17 3 1
github.com/dionofrizal88/dsi/auth/controllers/user/user_controller.go:120.17,124.3 2 1
github.com/dionofrizal88/dsi/auth/controllers/user/user_controller.go:126.2,128.16 3 1
github.com/dionofrizal88/dsi/auth/controllers/user/user_controller.go:128.16,132.3 2 0
github.com/dionofrizal88/dsi/auth/controllers/user/user_controller.go:134.2,135.45 2 1
github.com/dionofrizal88/dsi/auth/controllers/user/user_controller.go:135.45,139.3 2 0
github.com/dionofrizal88/dsi/auth/controllers/user/user_controller.go:141.2,142.16 2 1
github.com/dionofrizal88/dsi/auth/controllers/user/user_controller.go:142.16,146.3 2 0
github.com/dionofrizal88/dsi/auth/controllers/user/user_controller.go:148.2,152.4 1 1
github.com/dionofrizal88/dsi/auth/controllers/user/user_controller.go:156.61,161.16 4 1
github.com/dionofrizal88/dsi/auth/controllers/user/user_controller.go:161.16,165.3 2 0
github.com/dionofrizal88/dsi/auth/controllers/user/user_controller.go:166.2,167.21 2 1
github.com/dionofrizal88/dsi/auth/controllers/user/user_controller.go:167.21,170.50 2 1
github.com/dionofrizal88/dsi/auth/controllers/user/user_controller.go:170.50,172.4 1 1
github.com/dionofrizal88/dsi/auth/controllers/user/user_controller.go:174.3,174.96 1 0
github.com/dionofrizal88/dsi/auth/controllers/user/user_controller.go:177.2,177.24 1 1
github.com/dionofrizal88/dsi/auth/controllers/user/user_controller.go:177.24,187.22 4 0
github.com/dionofrizal88/dsi/auth/controllers/user/user_controller.go:187.22,191.4 2 0
github.com/dionofrizal88/dsi/auth/controllers/user/user_controller.go:194.2,195.16 2 1
github.com/dionofrizal88/dsi/auth/controllers/user/user_controller.go:195.16,199.3 2 0
github.com/dionofrizal88/dsi/auth/controllers/user/user_controller.go:201.2,205.16 4 1
github.com/dionofrizal88/dsi/auth/controllers/user/user_controller.go:205.16,209.3 2 0
github.com/dionofrizal88/dsi/auth/controllers/user/user_controller.go:213.2,217.4 1 1
github.com/dionofrizal88/dsi/auth/controllers/user/user_controller.go:221.54,226.16 4 1
github.com/dionofrizal88/dsi/auth/controllers/user/user_controller.go:226.16,230.3 2 0
github.com/dionofrizal88/dsi/auth/controllers/user/user_controller.go:232.2,234.21 2 1
github.com/dionofrizal88/dsi/auth/controllers/user/user_controller.go:234.21,238.3 2 1
github.com/dionofrizal88/dsi/auth/controllers/user/user_controller.go:240.2,241.21 2 1
github.com/dionofrizal88/dsi/auth/controllers/user/user_controller.go:241.21,244.41 2 0
github.com/dionofrizal88/dsi/auth/controllers/user/user_controller.go:244.41,246.4 1 0
github.com/dionofrizal88/dsi/auth/controllers/user/user_controller.go:248.3,248.96 1 0
github.com/dionofrizal88/dsi/auth/controllers/user/user_controller.go:251.2,252.49 2 1
github.com/dionofrizal88/dsi/auth/controllers/user/user_controller.go:252.49,256.3 2 0
github.com/dionofrizal88/dsi/auth/controllers/user/user_controller.go:258.2,264.39 3 1
github.com/dionofrizal88/dsi/auth/controllers/user/user_controller.go:264.39,268.3 2 0
github.com/dionofrizal88/dsi/auth/controllers/user/user_controller.go:270.2,276.21 3 1
github.com/dionofrizal88/dsi/auth/controllers/user/user_controller.go:276.21,280.3 2 0
github.com/dionofrizal88/dsi/auth/controllers/user/user_controller.go:282.2,283.16 2 1
github.com/dionofrizal88/dsi/auth/controllers/user/user_controller.go:283.16,287.3 2 0
github.com/dionofrizal88/dsi/auth/controllers/user/user_controller.go:289.2,293.4 1 1
github.com/dionofrizal88/dsi/auth/pkg/registry/registry.go:33.51,36.35 2 1
github.com/dionofrizal88/dsi/auth/pkg/registry/registry.go:36.35,38.17 2 1
github.com/dionofrizal88/dsi/auth/pkg/registry/registry.go:38.17,40.4 1 0
github.com/dionofrizal88/dsi/auth/pkg/registry/registry.go:43.2,43.12 1 1
github.com/dionofrizal88/dsi/auth/pkg/registry/registry.go:48.53,51.42 2 1
github.com/dionofrizal88/dsi/auth/pkg/registry/registry.go:51.42,53.3 1 0
github.com/dionofrizal88/dsi/auth/pkg/registry/registry.go:55.2,55.32 1 1
github.com/dionofrizal88/dsi/auth/pkg/registry/registry.go:55.32,57.21 2 1
github.com/dionofrizal88/dsi/auth/pkg/registry/registry.go:57.21,60.4 2 0
github.com/dionofrizal88/dsi/auth/pkg/registry/registry.go:63.2,63.12 1 1
github.com/dionofrizal88/dsi/auth/infrastructure/persistence/user_repository.go:17.47,19.2 1 1
github.com/dionofrizal88/dsi/auth/infrastructure/persistence/user_repository.go:25.86,29.16 3 1
github.com/dionofrizal88/dsi/auth/infrastructure/persistence/user_repository.go:29.16,31.3 1 0
github.com/dionofrizal88/dsi/auth/infrastructure/persistence/user_repository.go:33.2,33.25 1 1
github.com/dionofrizal88/dsi/auth/infrastructure/persistence/user_repository.go:37.105,50.16 4 1
github.com/dionofrizal88/dsi/auth/infrastructure/persistence/user_repository.go:50.16,52.3 1 0
github.com/dionofrizal88/dsi/auth/infrastructure/persistence/user_repository.go:54.2,54.25 1 1
github.com/dionofrizal88/dsi/auth/infrastructure/persistence/user_repository.go:58.108,60.16 2 1
github.com/dionofrizal88/dsi/auth/infrastructure/persistence/user_repository.go:60.16,62.3 1 0
github.com/dionofrizal88/dsi/auth/infrastructure/persistence/user_repository.go:63.2,63.12 1 1
github.com/dionofrizal88/dsi/auth/infrastructure/persistence/user_repository.go:67.78,69.2 1 1
github.com/dionofrizal88/dsi/auth/infrastructure/persistence/user_repository.go:72.92,76.16 3 1
github.com/dionofrizal88/dsi/auth/infrastructure/persistence/user_repository.go:76.16,78.3 1 0
github.com/dionofrizal88/dsi/auth/infrastructure/persistence/user_repository.go:80.2,80.25 1 1
github.com/dionofrizal88/dsi/auth/pkg/registry/registry.go:33.51,36.35 2 1
github.com/dionofrizal88/dsi/auth/pkg/registry/registry.go:36.35,38.17 2 1
github.com/dionofrizal88/dsi/auth/pkg/registry/registry.go:38.17,40.4 1 0
github.com/dionofrizal88/dsi/auth/pkg/registry/registry.go:43.2,43.12 1 1
github.com/dionofrizal88/dsi/auth/pkg/registry/registry.go:48.53,51.42 2 1
github.com/dionofrizal88/dsi/auth/pkg/registry/registry.go:51.42,53.3 1 0
github.com/dionofrizal88/dsi/auth/pkg/registry/registry.go:55.2,55.32 1 1
github.com/dionofrizal88/dsi/auth/pkg/registry/registry.go:55.32,57.21 2 1
github.com/dionofrizal88/dsi/auth/pkg/registry/registry.go:57.21,60.4 2 0
github.com/dionofrizal88/dsi/auth/pkg/registry/registry.go:63.2,63.12 1 1
github.com/dionofrizal88/dsi/auth/interfaces/cmd/app_cli.go:8.24,12.2 2 1
github.com/dionofrizal88/dsi/auth/pkg/registry/registry.go:33.51,36.35 2 1
github.com/dionofrizal88/dsi/auth/pkg/registry/registry.go:36.35,38.17 2 1
github.com/dionofrizal88/dsi/auth/pkg/registry/registry.go:38.17,40.4 1 0
github.com/dionofrizal88/dsi/auth/pkg/registry/registry.go:43.2,43.12 1 1
github.com/dionofrizal88/dsi/auth/pkg/registry/registry.go:48.53,51.42 2 1
github.com/dionofrizal88/dsi/auth/pkg/registry/registry.go:51.42,53.3 1 0
github.com/dionofrizal88/dsi/auth/pkg/registry/registry.go:55.2,55.32 1 1
github.com/dionofrizal88/dsi/auth/pkg/registry/registry.go:55.32,57.21 2 1
github.com/dionofrizal88/dsi/auth/pkg/registry/registry.go:57.21,60.4 2 0
github.com/dionofrizal88/dsi/auth/pkg/registry/registry.go:63.2,63.12 1 1
github.com/dionofrizal88/dsi/auth/middleware/jwt.go:14.86,15.54 1 1
github.com/dionofrizal88/dsi/auth/middleware/jwt.go:15.54,16.37 1 1
github.com/dionofrizal88/dsi/auth/middleware/jwt.go:16.37,21.19 4 1
github.com/dionofrizal88/dsi/auth/middleware/jwt.go:21.19,23.5 1 1
github.com/dionofrizal88/dsi/auth/middleware/jwt.go:25.4,25.31 1 1
github.com/dionofrizal88/dsi/auth/middleware/jwt.go:25.31,27.5 1 1
github.com/dionofrizal88/dsi/auth/middleware/jwt.go:29.4,30.18 2 1
github.com/dionofrizal88/dsi/auth/middleware/jwt.go:30.18,32.5 1 0
github.com/dionofrizal88/dsi/auth/middleware/jwt.go:34.4,35.31 2 1
github.com/dionofrizal88/dsi/auth/middleware/jwt.go:35.31,37.5 1 0
github.com/dionofrizal88/dsi/auth/middleware/jwt.go:39.4,39.18 1 1
github.com/dionofrizal88/dsi/auth/pkg/registry/registry.go:33.51,36.35 2 1
github.com/dionofrizal88/dsi/auth/pkg/registry/registry.go:36.35,38.17 2 1
github.com/dionofrizal88/dsi/auth/pkg/registry/registry.go:38.17,40.4 1 0
github.com/dionofrizal88/dsi/auth/pkg/registry/registry.go:43.2,43.12 1 1
github.com/dionofrizal88/dsi/auth/pkg/registry/registry.go:48.53,51.42 2 1
github.com/dionofrizal88/dsi/auth/pkg/registry/registry.go:51.42,53.3 1 0
github.com/dionofrizal88/dsi/auth/pkg/registry/registry.go:55.2,55.32 1 1
github.com/dionofrizal88/dsi/auth/pkg/registry/registry.go:55.32,57.21 2 1
github.com/dionofrizal88/dsi/auth/pkg/registry/registry.go:57.21,60.4 2 0
github.com/dionofrizal88/dsi/auth/pkg/registry/registry.go:63.2,63.12 1 1
github.com/dionofrizal88/dsi/auth/pkg/registry/registry.go:33.51,36.35 2 1
github.com/dionofrizal88/dsi/auth/pkg/registry/registry.go:36.35,38.17 2 1
github.com/dionofrizal88/dsi/auth/pkg/registry/registry.go:38.17,40.4 1 0
github.com/dionofrizal88/dsi/auth/pkg/registry/registry.go:43.2,43.12 1 1
github.com/dionofrizal88/dsi/auth/pkg/registry/registry.go:48.53,51.42 2 1
github.com/dionofrizal88/dsi/auth/pkg/registry/registry.go:51.42,53.3 1 0
github.com/dionofrizal88/dsi/auth/pkg/registry/registry.go:55.2,55.32 1 1
github.com/dionofrizal88/dsi/auth/pkg/registry/registry.go:55.32,57.21 2 1
github.com/dionofrizal88/dsi/auth/pkg/registry/registry.go:57.21,60.4 2 0
github.com/dionofrizal88/dsi/auth/pkg/registry/registry.go:63.2,63.12 1 1
github.com/dionofrizal88/dsi/auth/pkg/tests/test_suite.go:20.33,22.24 2 1
github.com/dionofrizal88/dsi/auth/pkg/tests/test_suite.go:22.24,24.3 1 0
github.com/dionofrizal88/dsi/auth/pkg/tests/test_suite.go:26.2,27.28 2 1
github.com/dionofrizal88/dsi/auth/pkg/tests/test_suite.go:27.28,29.3 1 0
github.com/dionofrizal88/dsi/auth/pkg/tests/test_suite.go:31.2,32.31 2 1
github.com/dionofrizal88/dsi/auth/pkg/tests/test_suite.go:32.31,34.3 1 0
github.com/dionofrizal88/dsi/auth/pkg/tests/test_suite.go:36.2,39.25 4 1
github.com/dionofrizal88/dsi/auth/pkg/tests/test_suite.go:39.25,40.22 1 0
github.com/dionofrizal88/dsi/auth/pkg/tests/test_suite.go:43.2,47.27 3 1
github.com/dionofrizal88/dsi/auth/pkg/tests/test_suite.go:47.27,49.3 1 0
github.com/dionofrizal88/dsi/auth/pkg/tests/test_suite.go:51.2,55.3 1 1
github.com/dionofrizal88/dsi/auth/pkg/tests/test_suite.go:59.29,61.16 2 1
github.com/dionofrizal88/dsi/auth/pkg/tests/test_suite.go:61.16,63.3 1 0
github.com/dionofrizal88/dsi/auth/pkg/tests/test_suite.go:65.2,66.16 2 1
github.com/dionofrizal88/dsi/auth/pkg/tests/test_suite.go:66.16,68.3 1 0
github.com/dionofrizal88/dsi/auth/pkg/registry/registry.go:33.51,36.35 2 1
github.com/dionofrizal88/dsi/auth/pkg/registry/registry.go:36.35,38.17 2 1
github.com/dionofrizal88/dsi/auth/pkg/registry/registry.go:38.17,40.4 1 0
github.com/dionofrizal88/dsi/auth/pkg/registry/registry.go:43.2,43.12 1 1
github.com/dionofrizal88/dsi/auth/pkg/registry/registry.go:48.53,51.42 2 1
github.com/dionofrizal88/dsi/auth/pkg/registry/registry.go:51.42,53.3 1 0
github.com/dionofrizal88/dsi/auth/pkg/registry/registry.go:55.2,55.32 1 1
github.com/dionofrizal88/dsi/auth/pkg/registry/registry.go:55.32,57.21 2 1
github.com/dionofrizal88/dsi/auth/pkg/registry/registry.go:57.21,60.4 2 0
github.com/dionofrizal88/dsi/auth/pkg/registry/registry.go:63.2,63.12 1 1
github.com/dionofrizal88/dsi/auth/routes/options.go:13.59,14.25 1 1
github.com/dionofrizal88/dsi/auth/routes/options.go:14.25,16.3 1 1
github.com/dionofrizal88/dsi/auth/routes/options.go:20.62,21.25 1 1
github.com/dionofrizal88/dsi/auth/routes/options.go:21.25,23.3 1 1
github.com/dionofrizal88/dsi/auth/routes/options.go:27.50,28.25 1 1
github.com/dionofrizal88/dsi/auth/routes/options.go:28.25,30.3 1 1
github.com/dionofrizal88/dsi/auth/routes/routes.go:22.49,25.30 2 1
github.com/dionofrizal88/dsi/auth/routes/routes.go:25.30,27.3 1 1
github.com/dionofrizal88/dsi/auth/routes/routes.go:29.2,29.15 1 1
github.com/dionofrizal88/dsi/auth/routes/routes.go:33.36,37.40 2 1
github.com/dionofrizal88/dsi/auth/routes/routes.go:37.40,39.3 1 0
github.com/dionofrizal88/dsi/auth/routes/routes.go:41.2,69.10 15 1
